Arguments: 
  /home/alex/.nvm/versions/node/v8.9.1/bin/node /home/alex/.nvm/versions/node/v8.9.1/bin/yarn install

PATH: 
  /home/alex/.rvm/gems/ruby-2.5.0/bin:/home/alex/.rvm/gems/ruby-2.5.0@global/bin:/home/alex/.rvm/rubies/ruby-2.5.0/bin:/home/alex/.nvm/versions/node/v8.9.1/bin:/usr/local/sbin:/usr/local/bin:/usr/sbin:/usr/bin:/sbin:/bin:/usr/games:/usr/local/games:/home/alex/.rvm/bin:/home/alex/.rvm/bin:/home/alex/.rvm/bin:/opt/mssql-tools/bin

Yarn version: 
  1.7.0

Node version: 
  8.9.1

Platform: 
  linux x64

Trace: 
  Error: getaddrinfo EAI_AGAIN registry.yarnpkg.com:443
      at Object._errnoException (util.js:1024:11)
      at errnoException (dns.js:55:15)
      at GetAddrInfoReqWrap.onlookup [as oncomplete] (dns.js:92:26)

npm manifest: 
  {
    "name": "input-data-validator",
    "version": "1.2.2",
    "description": "Valida los datos de entrada de una ruta de un servicio web creado con express.",
    "main": "index.js",
    "scripts": {
      "test": "./node_modules/.bin/mocha --recursive test",
      "doc": "./node_modules/.bin/esdoc",
      "lint": "./node_modules/.bin/eslint ./lib"
    },
    "repository": {
      "type": "git",
      "url": "git+https://github.com/insacjs/input-data-validator.git"
    },
    "keywords": [
      "insac",
      "insacjs",
      "sequelize",
      "rest",
      "validator",
      "web",
      "service"
    ],
    "author": "Wilmer Alex Quispe Quispe <q.wilmer.alex@gmail.com>",
    "license": "MIT",
    "bugs": {
      "url": "https://github.com/insacjs/input-data-validator/issues"
    },
    "homepage": "https://github.com/insacjs/input-data-validator#readme",
    "dependencies": {
      "body-parser": "^1.18.2",
      "handlebars": "^4.0.11"
    },
    "devDependencies": {
      "chai": "^4.1.2",
      "esdoc": "^1.0.4",
      "esdoc-standard-plugin": "^1.0.0",
      "eslint": "^4.17.0",
      "eslint-config-standard": "^11.0.0-beta.0",
      "eslint-plugin-import": "^2.8.0",
      "eslint-plugin-node": "^6.0.0",
      "eslint-plugin-promise": "^3.6.0",
      "eslint-plugin-standard": "^3.0.1",
      "express": "^4.16.2",
      "field-creator": "^1.2.1",
      "mocha": "^5.0.0",
      "pg": "^7.4.1",
      "sequelize": "^4.32.7"
    }
  }

yarn manifest: 
  No manifest

Lockfile: 
  No lockfile
